<?xml version="1.0" encoding="UTF-8"?>
<!-- Generated by org.testng.reporters.JUnitXMLReporter -->
<testsuite ignored="0" hostname="Subharak" failures="0" tests="13" name="Surefire test" time="31.923" errors="0" timestamp="2023-04-23T05:20:03 IST">
  <testcase classname="com.hybrid.api.test.DDTests" name="testPostUser" time="6.939"/>
  <testcase classname="com.hybrid.api.test.DDTests" name="testPostUser" time="1.303"/>
  <testcase classname="com.hybrid.api.test.DDTests" name="testPostUser" time="1.259"/>
  <testcase classname="com.hybrid.api.test.DDTests" name="testgetUserByName" time="1.467"/>
  <testcase classname="com.hybrid.api.test.DDTests" name="testgetUserByName" time="1.332"/>
  <testcase classname="com.hybrid.api.test.DDTests" name="testgetUserByName" time="1.272"/>
  <testcase classname="com.hybrid.api.test.DDTests" name="testDeleteUserByName" time="1.494"/>
  <testcase classname="com.hybrid.api.test.DDTests" name="testDeleteUserByName" time="1.323"/>
  <testcase classname="com.hybrid.api.test.DDTests" name="testDeleteUserByName" time="1.297"/>
  <testcase classname="com.hybrid.api.test.UserTest" name="testPostUser" time="1.369"/>
  <testcase classname="com.hybrid.api.test.UserTest" name="getUserByName" time="1.26"/>
  <testcase classname="com.hybrid.api.test.UserTest" name="updateUserByName" time="2.458"/>
  <testcase classname="com.hybrid.api.test.UserTest" name="deleteUserByName" time="1.309"/>
</testsuite> <!-- Surefire test -->
