<?xml version="1.0" encoding="UTF-8"?>
<!-- Generated by org.testng.reporters.JUnitXMLReporter -->
<testsuite ignored="0" hostname="Subharak" failures="0" tests="9" name="Default test" time="23.146" errors="0" timestamp="2023-04-23T03:23:47 IST">
  <testcase classname="com.hybrid.api.test.DDTests" name="testPostUser" time="5.689"/>
  <testcase classname="com.hybrid.api.test.DDTests" name="testPostUser" time="1.433"/>
  <testcase classname="com.hybrid.api.test.DDTests" name="testPostUser" time="1.457"/>
  <testcase classname="com.hybrid.api.test.DDTests" name="testgetUserByName" time="1.699"/>
  <testcase classname="com.hybrid.api.test.DDTests" name="testgetUserByName" time="1.536"/>
  <testcase classname="com.hybrid.api.test.DDTests" name="testgetUserByName" time="1.462"/>
  <testcase classname="com.hybrid.api.test.DDTests" name="testDeleteUserByName" time="1.433"/>
  <testcase classname="com.hybrid.api.test.DDTests" name="testDeleteUserByName" time="2.811"/>
  <testcase classname="com.hybrid.api.test.DDTests" name="testDeleteUserByName" time="1.421"/>
</testsuite> <!-- Default test -->
