<?xml version="1.0" encoding="UTF-8"?>
<testng-results ignored="0" total="4" passed="4" failed="0" skipped="0">
  <reporter-output>
  </reporter-output>
  <suite started-at="2023-04-23T05:07:05 IST" name="Pet Suite" finished-at="2023-04-23T05:07:20 IST" duration-ms="15089">
    <groups>
    </groups>
    <test started-at="2023-04-23T05:07:05 IST" name="Pet Test" finished-at="2023-04-23T05:07:20 IST" duration-ms="15089">
      <class name="com.hybrid.api.test.UserTest2">
        <test-method is-config="true" signature="setUp()[pri:0, instance:com.hybrid.api.test.UserTest2@3bf9ce3e]" started-at="2023-04-23T05:07:06 IST" name="setUp" finished-at="2023-04-23T05:07:08 IST" duration-ms="1829" status="PASS">
          <reporter-output>
          </reporter-output>
        </test-method> <!-- setUp -->
        <test-method signature="testPostUser()[pri:1, instance:com.hybrid.api.test.UserTest2@3bf9ce3e]" started-at="2023-04-23T05:07:08 IST" name="testPostUser" finished-at="2023-04-23T05:07:14 IST" duration-ms="6476" status="PASS">
          <reporter-output>
          </reporter-output>
        </test-method> <!-- testPostUser -->
        <test-method signature="getUserByName()[pri:2, instance:com.hybrid.api.test.UserTest2@3bf9ce3e]" started-at="2023-04-23T05:07:14 IST" name="getUserByName" finished-at="2023-04-23T05:07:16 IST" duration-ms="1688" status="PASS">
          <reporter-output>
          </reporter-output>
        </test-method> <!-- getUserByName -->
        <test-method signature="updateUserByName()[pri:3, instance:com.hybrid.api.test.UserTest2@3bf9ce3e]" started-at="2023-04-23T05:07:16 IST" name="updateUserByName" finished-at="2023-04-23T05:07:19 IST" duration-ms="2943" status="PASS">
          <reporter-output>
          </reporter-output>
        </test-method> <!-- updateUserByName -->
        <test-method signature="deleteUserByName()[pri:4, instance:com.hybrid.api.test.UserTest2@3bf9ce3e]" started-at="2023-04-23T05:07:19 IST" name="deleteUserByName" finished-at="2023-04-23T05:07:20 IST" duration-ms="1415" status="PASS">
          <reporter-output>
          </reporter-output>
        </test-method> <!-- deleteUserByName -->
      </class> <!-- com.hybrid.api.test.UserTest2 -->
    </test> <!-- Pet Test -->
  </suite> <!-- Pet Suite -->
</testng-results>
