<?xml version="1.0" encoding="UTF-8"?>
<!-- Generated by org.testng.reporters.JUnitXMLReporter -->
<testsuite ignored="0" hostname="Subharak" failures="0" tests="4" name="Pet Test" time="15.089" errors="0" timestamp="2023-04-23T05:07:20 IST">
  <testcase classname="com.hybrid.api.test.UserTest2" name="testPostUser" time="6.476"/>
  <testcase classname="com.hybrid.api.test.UserTest2" name="getUserByName" time="1.688"/>
  <testcase classname="com.hybrid.api.test.UserTest2" name="updateUserByName" time="2.943"/>
  <testcase classname="com.hybrid.api.test.UserTest2" name="deleteUserByName" time="1.415"/>
</testsuite> <!-- Pet Test -->
